    52>D:\projects\misis2023f-23-check\misis2024s-23-03-fokaidi-v-n\prj.lab\stackarrt\stackarrt.hpp(51,12): error C3861: st: идентификатор не найден [D:\projects\misis2023f-23-check\misis2024s-23-03-fokaidi-v-n\build.check\prj.test\test_stackarrt.vcxproj]
    52>D:\projects\misis2023f-23-check\misis2024s-23-03-fokaidi-v-n\prj.lab\stackarrt\stackarrt.hpp(52,10): error C3861: st: идентификатор не найден [D:\projects\misis2023f-23-check\misis2024s-23-03-fokaidi-v-n\build.check\prj.test\test_stackarrt.vcxproj]
    52>D:\projects\misis2023f-23-check\misis2024s-23-03-fokaidi-v-n\prj.lab\stackarrt\stackarrt.hpp(55,17): error C3861: st: идентификатор не найден [D:\projects\misis2023f-23-check\misis2024s-23-03-fokaidi-v-n\build.check\prj.test\test_stackarrt.vcxproj]
    52>D:\projects\misis2023f-23-check\misis2024s-23-03-fokaidi-v-n\prj.lab\stackarrt\stackarrt.hpp(55,27): error C3861: st: идентификатор не найден [D:\projects\misis2023f-23-check\misis2024s-23-03-fokaidi-v-n\build.check\prj.test\test_stackarrt.vcxproj]
    52>D:\projects\misis2023f-23-check\misis2024s-23-03-fokaidi-v-n\prj.lab\stackarrt\stackarrt.hpp(51,12): error C2065: st: необъ€вленный идентификатор [D:\projects\misis2023f-23-check\misis2024s-23-03-fokaidi-v-n\build.check\prj.test\test_stackarrt.vcxproj]
    52>D:\projects\misis2023f-23-check\misis2024s-23-03-fokaidi-v-n\prj.lab\stackarrt\stackarrt.hpp(52,10): error C2065: st: необъ€вленный идентификатор [D:\projects\misis2023f-23-check\misis2024s-23-03-fokaidi-v-n\build.check\prj.test\test_stackarrt.vcxproj]
    52>D:\projects\misis2023f-23-check\misis2024s-23-03-fokaidi-v-n\prj.lab\stackarrt\stackarrt.hpp(55,17): error C2065: st: необъ€вленный идентификатор [D:\projects\misis2023f-23-check\misis2024s-23-03-fokaidi-v-n\build.check\prj.test\test_stackarrt.vcxproj]
    52>D:\projects\misis2023f-23-check\misis2024s-23-03-fokaidi-v-n\prj.lab\stackarrt\stackarrt.hpp(55,27): error C2065: st: необъ€вленный идентификатор [D:\projects\misis2023f-23-check\misis2024s-23-03-fokaidi-v-n\build.check\prj.test\test_stackarrt.vcxproj]
    25>doctest_queuearr.obj : error LNK2019: ссылка на неразрешенный внешний символ "public: void __cdecl QueueArr::Clear(void)" (?Clear@QueueArr@@QEAAXXZ) в функции "void __cdecl DOCTEST_ANON_FUNC_19(void)" (?DOCTEST_ANON_FUNC_19@@YAXXZ). [D:\projects\misis2023f-23-check\misis2024s-23-03-fokaidi-v-n\build.check\prj.check\prj.check\doctest_queuearr\doctest_queuearr.vcxproj]
    25>D:\projects\misis2023f-23-check\misis2024s-23-03-fokaidi-v-n\bin.check\doctest_queuearr.exe : fatal error LNK1120: неразрешенных внешних элементов: 1 [D:\projects\misis2023f-23-check\misis2024s-23-03-fokaidi-v-n\build.check\prj.check\prj.check\doctest_queuearr\doctest_queuearr.vcxproj]
